<?xml version="1.0" encoding="UTF-8"?>
<!-- Generated by org.testng.reporters.JUnitReportReporter -->
<testsuite hostname="hemanths-mbp.lan" failures="0" tests="1" name="firsttestngproject.FirstTestNG" time="2.138" errors="0" timestamp="2023-05-01T13:08:11 EDT" skipped="0">
  <testcase classname="firsttestngproject.FirstTestNG" name="testAboutPage" time="2.138"/>
  <system-out/>
</testsuite> <!-- firsttestngproject.FirstTestNG -->
