<?xml version="1.0" encoding="UTF-8"?>
<!-- Generated by org.testng.reporters.JUnitReportReporter -->
<testsuite hostname="hemanths-mbp.lan" failures="0" tests="2" name="firsttestngproject.go365testing" time="8.240" errors="0" timestamp="2023-05-01T16:18:05 EDT" skipped="0">
  <testcase classname="firsttestngproject.go365testing" name="verifylogin" time="0.896"/>
  <system-out/>
  <testcase classname="firsttestngproject.go365testing" name="openwebsite" time="7.344"/>
  <system-out/>
</testsuite> <!-- firsttestngproject.go365testing -->
